<?xml version="1.0" encoding="UTF-8"?>
<!-- Generated by org.testng.reporters.JUnitReportReporter -->
<testsuite hostname="EC2AMAZ-D04857E" name="testcases.testcase1" tests="1" failures="0" timestamp="30 Jun 2021 18:50:56 GMT" time="0.103" errors="0">
  <testcase name="method1" time="0.103" classname="testcases.testcase1"/>
</testsuite> <!-- testcases.testcase1 -->
